\BOOKMARK [1][-]{section.1}{Introduction}{}% 1
\BOOKMARK [1][-]{section.2}{Theory}{}% 2
\BOOKMARK [2][-]{subsection.2.1}{Second Quantization}{section.2}% 3
\BOOKMARK [3][-]{subsubsection.2.1.1}{Particle-hole formalism}{subsection.2.1}% 4
\BOOKMARK [3][-]{subsubsection.2.1.2}{Wick's theorem}{subsection.2.1}% 5
\BOOKMARK [3][-]{subsubsection.2.1.3}{Energy formulas}{subsection.2.1}% 6
\BOOKMARK [2][-]{subsection.2.2}{The Helium atom}{section.2}% 7
\BOOKMARK [3][-]{subsubsection.2.2.1}{Ground state}{subsection.2.2}% 8
\BOOKMARK [3][-]{subsubsection.2.2.2}{Excited states}{subsection.2.2}% 9
\BOOKMARK [2][-]{subsection.2.3}{The Beryllium atom}{section.2}% 10
\BOOKMARK [3][-]{subsubsection.2.3.1}{Ground state}{subsection.2.3}% 11
\BOOKMARK [3][-]{subsubsection.2.3.2}{Excited states}{subsection.2.3}% 12
\BOOKMARK [1][-]{section.3}{Methods}{}% 13
\BOOKMARK [2][-]{subsection.3.1}{Configuration Interaction \(CI\)}{section.3}% 14
\BOOKMARK [2][-]{subsection.3.2}{Hartree-Fock}{section.3}% 15
\BOOKMARK [1][-]{section.4}{Results}{}% 16
\BOOKMARK [2][-]{subsection.4.1}{The Helium atom}{section.4}% 17
\BOOKMARK [3][-]{subsubsection.4.1.1}{Ground state energies}{subsection.4.1}% 18
\BOOKMARK [3][-]{subsubsection.4.1.2}{CIS}{subsection.4.1}% 19
\BOOKMARK [3][-]{subsubsection.4.1.3}{HF}{subsection.4.1}% 20
\BOOKMARK [2][-]{subsection.4.2}{The Beryllium atom}{section.4}% 21
\BOOKMARK [3][-]{subsubsection.4.2.1}{Ground state energy}{subsection.4.2}% 22
\BOOKMARK [3][-]{subsubsection.4.2.2}{CIS}{subsection.4.2}% 23
\BOOKMARK [3][-]{subsubsection.4.2.3}{HF}{subsection.4.2}% 24
\BOOKMARK [1][-]{section.5}{Discussion}{}% 25
\BOOKMARK [1][-]{section.6}{Conclusion}{}% 26
\BOOKMARK [1][-]{appendix.A}{Appendix A - Calculate matrix elements}{}% 27
\BOOKMARK [2][-]{subsection.A.1}{Calculating 00}{appendix.A}% 28
\BOOKMARK [2][-]{subsection.A.2}{Calculating 0ia}{appendix.A}% 29
\BOOKMARK [2][-]{subsection.A.3}{Calculating iajb}{appendix.A}% 30
\BOOKMARK [1][-]{appendix.B}{References}{}% 31
